[debug] ----------------------------------------------------------------------
[debug] Command:      /usr/local/bin/node /usr/local/bin/firebase serve
[debug] CLI Version:  3.5.0
[debug] Platform:     darwin
[debug] Node Version: v6.10.1
[debug] Time:         Mon Apr 03 2017 19:09:53 GMT-0500 (CDT)
[debug] ----------------------------------------------------------------------
[debug] 
[info] Starting Firebase development server...
[info] 
[info] Project Directory: /Users/andrewlstanley/Code/firebase-auth
[info] Public Directory: public
[info] 
[info] Server listening at: http://localhost:5000
[debug] ----------------------------------------------------------------------
[debug] Command:      /usr/local/bin/node /usr/local/bin/firebase serve
[debug] CLI Version:  3.5.0
[debug] Platform:     darwin
[debug] Node Version: v6.10.1
[debug] Time:         Mon Apr 03 2017 19:12:17 GMT-0500 (CDT)
[debug] ----------------------------------------------------------------------
[debug] 
[info] Starting Firebase development server...
[info] 
[info] Project Directory: /Users/andrewlstanley/Code/firebase-auth
[info] Public Directory: public
[info] 
[info] Server listening at: http://localhost:5000
